{"preview":false,"result":{"ComputerName":"DESKTOP-78CU07R","Error_Code":"-","EventCode":"4625","EventType":"4","Keywords":"Classic","LogName":"Application","Message":"The EventSystem sub system is suppressing duplicate event log entries for a duration of 86400 seconds.  The suppression timeout can be controlled by a REG_DWORD value named SuppressDuplicateDuration under the following registry key: HKLM\\Software\\Microsoft\\EventSystem\\EventLog.","OpCode":"None","RecordNumber":"1276","SourceName":"Microsoft-Windows-EventSystem","TaskCategory":"None","Type":"Information","_raw":"11/23/2025 12:15:47.998 AM\nLogName=Application\nEventCode=4625\nEventType=4\nComputerName=DESKTOP-78CU07R\nSourceName=Microsoft-Windows-EventSystem\nType=Information\nRecordNumber=1276\nKeywords=Classic\nTaskCategory=None\nOpCode=None\nMessage=The EventSystem sub system is suppressing duplicate event log entries for a duration of 86400 seconds.  The suppression timeout can be controlled by a REG_DWORD value named SuppressDuplicateDuration under the following registry key: HKLM\\Software\\Microsoft\\EventSystem\\EventLog.","_time":"2025-11-23T06:15:47.998+0000","category":"None","dest":"DESKTOP-78CU07R","dvc":"DESKTOP-78CU07R","dvc_nt_host":"DESKTOP-78CU07R","event_id":"1276","eventtype":["endpoint_services_processes","winapp","windows_event_signature","windows_ta_data","wineventlog_application","wineventlog_windows"],"host":"DESKTOP-78CU07R","id":"1276","index":"mydfir-project","linecount":"12","name":"An account failed to log on","punct":"//_::._====-=--======_______________._____________","severity":"informational","severity_id":"4","signature":"An account failed to log on","signature_id":"4625","source":"WinEventLog:Application","sourcetype":"WinEventLog","splunk_server":"chalitha-splunk","subject":"An account failed to log on","tag":["os","track_event_signatures","windows"],"tag::eventtype":["os","track_event_signatures","windows"],"vendor_product":"Microsoft Windows"}}
{"preview":false,"result":{"Account_Domain":["WORKGROUP","DESKTOP-78CU07R"],"Account_Name":["DESKTOP-78CU07R$","chalitha"],"Authentication_Package":"Negotiate","Caller_Process_ID":"0x984","Caller_Process_Name":"C:\\Windows\\System32\\svchost.exe","ComputerName":"DESKTOP-78CU07R","Error_Code":"0xC000006D","EventCode":"4625","EventType":"0","Failure_Reason":"Unknown user name or bad password.","Key_Length":"0","Keywords":"Audit Failure","LogName":"Security","Logon_ID":"0x3E7","Logon_Process":"User32","Logon_Type":"2","Message":"An account failed to log on.\r\n\r\nSubject:\r\n\tSecurity ID:\t\tS-1-5-18\r\n\tAccount Name:\t\tDESKTOP-78CU07R$\r\n\tAccount Domain:\t\tWORKGROUP\r\n\tLogon ID:\t\t0x3E7\r\n\r\nLogon Type:\t\t\t2\r\n\r\nAccount For Which Logon Failed:\r\n\tSecurity ID:\t\tS-1-0-0\r\n\tAccount Name:\t\tchalitha\r\n\tAccount Domain:\t\tDESKTOP-78CU07R\r\n\r\nFailure Information:\r\n\tFailure Reason:\t\tUnknown user name or bad password.\r\n\tStatus:\t\t\t0xC000006D\r\n\tSub Status:\t\t0xC000006A\r\n\r\nProcess Information:\r\n\tCaller Process ID:\t0x984\r\n\tCaller Process Name:\tC:\\Windows\\System32\\svchost.exe\r\n\r\nNetwork Information:\r\n\tWorkstation Name:\tDESKTOP-78CU07R\r\n\tSource Network Address:\t127.0.0.1\r\n\tSource Port:\t\t0\r\n\r\nDetailed Authentication Information:\r\n\tLogon Process:\t\tUser32 \r\n\tAuthentication Package:\tNegotiate\r\n\tTransited Services:\t-\r\n\tPackage Name (NTLM only):\t-\r\n\tKey Length:\t\t0\r\n\r\nThis event is generated when a logon request fails. It is generated on the computer where access was attempted.\r\n\r\nThe Subject fields indicate the account on the local system which requested the logon. This is most commonly a service such as the Server service, or a local process such as Winlogon.exe or Services.exe.\r\n\r\nThe Logon Type field indicates the kind of logon that was requested. The most common types are 2 (interactive) and 3 (network).\r\n\r\nThe Process Information fields indicate which account and process on the system requested the logon.\r\n\r\nThe Network Information fields indicate where a remote logon request originated. Workstation name is not always available and may be left blank in some cases.\r\n\r\nThe authentication information fields provide detailed information about this specific logon request.\r\n\t- Transited services indicate which intermediate services have participated in this logon request.\r\n\t- Package name indicates which sub-protocol was used among the NTLM protocols.\r\n\t- Key length indicates the length of the generated session key. This will be 0 if no session key was requested.","OpCode":"Info","Package_Name__NTLM_only_":"-","RecordNumber":"14297","Security_ID":["S-1-5-18","S-1-0-0"],"SourceName":"Microsoft Windows security auditing.","Source_Network_Address":"127.0.0.1","Source_Port":"0","Status":"0xC000006D","Sub_Status":"0xC000006A","Subject_Account_Domain":"WORKGROUP","Subject_Account_Name":"DESKTOP-78CU07R$","Subject_Logon_ID":"0x3E7","Subject_Security_ID":"S-1-5-18","TaskCategory":"Logon","Transited_Services":"-","Type":"Information","Workstation_Name":"DESKTOP-78CU07R","_raw":"11/22/2025 02:36:39.111 PM\nLogName=Security\nEventCode=4625\nEventType=0\nComputerName=DESKTOP-78CU07R\nSourceName=Microsoft Windows security auditing.\nType=Information\nRecordNumber=14297\nKeywords=Audit Failure\nTaskCategory=Logon\nOpCode=Info\nMessage=An account failed to log on.\r\n\r\nSubject:\r\n\tSecurity ID:\t\tS-1-5-18\r\n\tAccount Name:\t\tDESKTOP-78CU07R$\r\n\tAccount Domain:\t\tWORKGROUP\r\n\tLogon ID:\t\t0x3E7\r\n\r\nLogon Type:\t\t\t2\r\n\r\nAccount For Which Logon Failed:\r\n\tSecurity ID:\t\tS-1-0-0\r\n\tAccount Name:\t\tchalitha\r\n\tAccount Domain:\t\tDESKTOP-78CU07R\r\n\r\nFailure Information:\r\n\tFailure Reason:\t\tUnknown user name or bad password.\r\n\tStatus:\t\t\t0xC000006D\r\n\tSub Status:\t\t0xC000006A\r\n\r\nProcess Information:\r\n\tCaller Process ID:\t0x984\r\n\tCaller Process Name:\tC:\\Windows\\System32\\svchost.exe\r\n\r\nNetwork Information:\r\n\tWorkstation Name:\tDESKTOP-78CU07R\r\n\tSource Network Address:\t127.0.0.1\r\n\tSource Port:\t\t0\r\n\r\nDetailed Authentication Information:\r\n\tLogon Process:\t\tUser32 \r\n\tAuthentication Package:\tNegotiate\r\n\tTransited Services:\t-\r\n\tPackage Name (NTLM only):\t-\r\n\tKey Length:\t\t0\r\n\r\nThis event is generated when a logon request fails. It is generated on the computer where access was attempted.\r\n\r\nThe Subject fields indicate the account on the local system which requested the logon. This is most commonly a service such as the Server service, or a local process such as Winlogon.exe or Services.exe.\r\n\r\nThe Logon Type field indicates the kind of logon that was requested. The most common types are 2 (interactive) and 3 (network).\r\n\r\nThe Process Information fields indicate which account and process on the system requested the logon.\r\n\r\nThe Network Information fields indicate where a remote logon request originated. Workstation name is not always available and may be left blank in some cases.\r\n\r\nThe authentication information fields provide detailed information about this specific logon request.\r\n\t- Transited services indicate which intermediate services have participated in this logon request.\r\n\t- Package name indicates which sub-protocol was used among the NTLM protocols.\r\n\t- Key length indicates the length of the generated session key. This will be 0 if no session key was requested.","_time":"2025-11-22T20:36:39.111+0000","action":"failure","app":"win:local","authentication_method":"2","authentication_service":"Negotiate","body":"An account failed to log on.\r\n\r\nSubject:\r\n\tSecurity ID:\t\tS-1-5-18\r\n\tAccount Name:\t\tDESKTOP-78CU07R$\r\n\tAccount Domain:\t\tWORKGROUP\r\n\tLogon ID:\t\t0x3E7\r\n\r\nLogon Type:\t\t\t2\r\n\r\nAccount For Which Logon Failed:\r\n\tSecurity ID:\t\tS-1-0-0\r\n\tAccount Name:\t\tchalitha\r\n\tAccount Domain:\t\tDESKTOP-78CU07R\r\n\r\nFailure Information:\r\n\tFailure Reason:\t\tUnknown user name or bad password.\r\n\tStatus:\t\t\t0xC000006D\r\n\tSub Status:\t\t0xC000006A\r\n\r\nProcess Information:\r\n\tCaller Process ID:\t0x984\r\n\tCaller Process Name:\tC:\\Windows\\System32\\svchost.exe\r\n\r\nNetwork Information:\r\n\tWorkstation Name:\tDESKTOP-78CU07R\r\n\tSource Network Address:\t127.0.0.1\r\n\tSource Port:\t\t0\r\n\r\nDetailed Authentication Information:\r\n\tLogon Process:\t\tUser32 \r\n\tAuthentication Package:\tNegotiate\r\n\tTransited Services:\t-\r\n\tPackage Name (NTLM only):\t-\r\n\tKey Length:\t\t0\r\n\r\nThis event is generated when a logon request fails. It is generated on the computer where access was attempted.\r\n\r\nThe Subject fields indicate the account on the local system which requested the logon. This is most commonly a service such as the Server service, or a local process such as Winlogon.exe or Services.exe.\r\n\r\nThe Logon Type field indicates the kind of logon that was requested. The most common types are 2 (interactive) and 3 (network).\r\n\r\nThe Process Information fields indicate which account and process on the system requested the logon.\r\n\r\nThe Network Information fields indicate where a remote logon request originated. Workstation name is not always available and may be left blank in some cases.\r\n\r\nThe authentication information fields provide detailed information about this specific logon request.\r\n\t- Transited services indicate which intermediate services have participated in this logon request.\r\n\t- Package name indicates which sub-protocol was used among the NTLM protocols.\r\n\t- Key length indicates the length of the generated session key. This will be 0 if no session key was requested.","category":"Logon","dest":"DESKTOP-78CU07R","dest_nt_domain":"DESKTOP-78CU07R","dest_nt_host":"DESKTOP-78CU07R","dvc":"DESKTOP-78CU07R","dvc_nt_host":"DESKTOP-78CU07R","event_id":"14297","event_time":"11/22/2025 02:36:39.111 PM","eventtype":["endpoint_services_processes","windows_event_signature","windows_logon_failure","windows_security_authentication","windows_ta_data","wineventlog_security","wineventlog_windows","winsec"],"host":"DESKTOP-78CU07R","id":"14297","index":"mydfir-project","linecount":"61","member_dn":"DESKTOP-78CU07R$\nchalitha","member_id":"S-1-5-18\nS-1-0-0","name":"User logon with misspelled or bad password","process_id":"0x984","product":"Windows","punct":"//_::._====-=___.===_===_____.\\r\\r:\\rt_:tt---\\rt_:tt-$","reason":"The cause is either a bad username or authentication information. User logon with misspelled or bad password.","reason_id":"0xC000006D","session_id":"0x3E7","severity":"informational","severity_id":"0","signature":"User logon with misspelled or bad password","signature_id":"4625","source":"WinEventLog:Security","sourcetype":"WinEventLog","splunk_server":"chalitha-splunk","src":"DESKTOP-78CU07R","src_ip":"127.0.0.1","src_nt_domain":"WORKGROUP","src_nt_host":"DESKTOP-78CU07R","src_port":"0","src_subject_security_id":"S-1-5-18","src_user":"DESKTOP-78CU07R$","status":"failure","subject":"User logon with misspelled or bad password","ta_windows_action":"failure","ta_windows_status":"0xC000006D","tag":["authentication","local","os","security","track_event_signatures","windows"],"tag::app":"local","tag::eventtype":["authentication","os","security","track_event_signatures","windows"],"user":"chalitha","vendor":"Microsoft","vendor_product":"Microsoft Windows"}}
{"preview":false,"result":{"Account_Domain":["WORKGROUP","DESKTOP-78CU07R"],"Account_Name":["DESKTOP-78CU07R$","chalitha"],"Authentication_Package":"Negotiate","Caller_Process_ID":"0x984","Caller_Process_Name":"C:\\Windows\\System32\\svchost.exe","ComputerName":"DESKTOP-78CU07R","Error_Code":"0xC000006D","EventCode":"4625","EventType":"0","Failure_Reason":"Unknown user name or bad password.","Key_Length":"0","Keywords":"Audit Failure","LogName":"Security","Logon_ID":"0x3E7","Logon_Process":"User32","Logon_Type":"2","Message":"An account failed to log on.\r\n\r\nSubject:\r\n\tSecurity ID:\t\tS-1-5-18\r\n\tAccount Name:\t\tDESKTOP-78CU07R$\r\n\tAccount Domain:\t\tWORKGROUP\r\n\tLogon ID:\t\t0x3E7\r\n\r\nLogon Type:\t\t\t2\r\n\r\nAccount For Which Logon Failed:\r\n\tSecurity ID:\t\tS-1-0-0\r\n\tAccount Name:\t\tchalitha\r\n\tAccount Domain:\t\tDESKTOP-78CU07R\r\n\r\nFailure Information:\r\n\tFailure Reason:\t\tUnknown user name or bad password.\r\n\tStatus:\t\t\t0xC000006D\r\n\tSub Status:\t\t0xC000006A\r\n\r\nProcess Information:\r\n\tCaller Process ID:\t0x984\r\n\tCaller Process Name:\tC:\\Windows\\System32\\svchost.exe\r\n\r\nNetwork Information:\r\n\tWorkstation Name:\tDESKTOP-78CU07R\r\n\tSource Network Address:\t127.0.0.1\r\n\tSource Port:\t\t0\r\n\r\nDetailed Authentication Information:\r\n\tLogon Process:\t\tUser32 \r\n\tAuthentication Package:\tNegotiate\r\n\tTransited Services:\t-\r\n\tPackage Name (NTLM only):\t-\r\n\tKey Length:\t\t0\r\n\r\nThis event is generated when a logon request fails. It is generated on the computer where access was attempted.\r\n\r\nThe Subject fields indicate the account on the local system which requested the logon. This is most commonly a service such as the Server service, or a local process such as Winlogon.exe or Services.exe.\r\n\r\nThe Logon Type field indicates the kind of logon that was requested. The most common types are 2 (interactive) and 3 (network).\r\n\r\nThe Process Information fields indicate which account and process on the system requested the logon.\r\n\r\nThe Network Information fields indicate where a remote logon request originated. Workstation name is not always available and may be left blank in some cases.\r\n\r\nThe authentication information fields provide detailed information about this specific logon request.\r\n\t- Transited services indicate which intermediate services have participated in this logon request.\r\n\t- Package name indicates which sub-protocol was used among the NTLM protocols.\r\n\t- Key length indicates the length of the generated session key. This will be 0 if no session key was requested.","OpCode":"Info","Package_Name__NTLM_only_":"-","RecordNumber":"14269","Security_ID":["S-1-5-18","S-1-0-0"],"SourceName":"Microsoft Windows security auditing.","Source_Network_Address":"127.0.0.1","Source_Port":"0","Status":"0xC000006D","Sub_Status":"0xC000006A","Subject_Account_Domain":"WORKGROUP","Subject_Account_Name":"DESKTOP-78CU07R$","Subject_Logon_ID":"0x3E7","Subject_Security_ID":"S-1-5-18","TaskCategory":"Logon","Transited_Services":"-","Type":"Information","Workstation_Name":"DESKTOP-78CU07R","_raw":"11/22/2025 12:29:14.371 PM\nLogName=Security\nEventCode=4625\nEventType=0\nComputerName=DESKTOP-78CU07R\nSourceName=Microsoft Windows security auditing.\nType=Information\nRecordNumber=14269\nKeywords=Audit Failure\nTaskCategory=Logon\nOpCode=Info\nMessage=An account failed to log on.\r\n\r\nSubject:\r\n\tSecurity ID:\t\tS-1-5-18\r\n\tAccount Name:\t\tDESKTOP-78CU07R$\r\n\tAccount Domain:\t\tWORKGROUP\r\n\tLogon ID:\t\t0x3E7\r\n\r\nLogon Type:\t\t\t2\r\n\r\nAccount For Which Logon Failed:\r\n\tSecurity ID:\t\tS-1-0-0\r\n\tAccount Name:\t\tchalitha\r\n\tAccount Domain:\t\tDESKTOP-78CU07R\r\n\r\nFailure Information:\r\n\tFailure Reason:\t\tUnknown user name or bad password.\r\n\tStatus:\t\t\t0xC000006D\r\n\tSub Status:\t\t0xC000006A\r\n\r\nProcess Information:\r\n\tCaller Process ID:\t0x984\r\n\tCaller Process Name:\tC:\\Windows\\System32\\svchost.exe\r\n\r\nNetwork Information:\r\n\tWorkstation Name:\tDESKTOP-78CU07R\r\n\tSource Network Address:\t127.0.0.1\r\n\tSource Port:\t\t0\r\n\r\nDetailed Authentication Information:\r\n\tLogon Process:\t\tUser32 \r\n\tAuthentication Package:\tNegotiate\r\n\tTransited Services:\t-\r\n\tPackage Name (NTLM only):\t-\r\n\tKey Length:\t\t0\r\n\r\nThis event is generated when a logon request fails. It is generated on the computer where access was attempted.\r\n\r\nThe Subject fields indicate the account on the local system which requested the logon. This is most commonly a service such as the Server service, or a local process such as Winlogon.exe or Services.exe.\r\n\r\nThe Logon Type field indicates the kind of logon that was requested. The most common types are 2 (interactive) and 3 (network).\r\n\r\nThe Process Information fields indicate which account and process on the system requested the logon.\r\n\r\nThe Network Information fields indicate where a remote logon request originated. Workstation name is not always available and may be left blank in some cases.\r\n\r\nThe authentication information fields provide detailed information about this specific logon request.\r\n\t- Transited services indicate which intermediate services have participated in this logon request.\r\n\t- Package name indicates which sub-protocol was used among the NTLM protocols.\r\n\t- Key length indicates the length of the generated session key. This will be 0 if no session key was requested.","_time":"2025-11-22T18:29:14.371+0000","action":"failure","app":"win:local","authentication_method":"2","authentication_service":"Negotiate","body":"An account failed to log on.\r\n\r\nSubject:\r\n\tSecurity ID:\t\tS-1-5-18\r\n\tAccount Name:\t\tDESKTOP-78CU07R$\r\n\tAccount Domain:\t\tWORKGROUP\r\n\tLogon ID:\t\t0x3E7\r\n\r\nLogon Type:\t\t\t2\r\n\r\nAccount For Which Logon Failed:\r\n\tSecurity ID:\t\tS-1-0-0\r\n\tAccount Name:\t\tchalitha\r\n\tAccount Domain:\t\tDESKTOP-78CU07R\r\n\r\nFailure Information:\r\n\tFailure Reason:\t\tUnknown user name or bad password.\r\n\tStatus:\t\t\t0xC000006D\r\n\tSub Status:\t\t0xC000006A\r\n\r\nProcess Information:\r\n\tCaller Process ID:\t0x984\r\n\tCaller Process Name:\tC:\\Windows\\System32\\svchost.exe\r\n\r\nNetwork Information:\r\n\tWorkstation Name:\tDESKTOP-78CU07R\r\n\tSource Network Address:\t127.0.0.1\r\n\tSource Port:\t\t0\r\n\r\nDetailed Authentication Information:\r\n\tLogon Process:\t\tUser32 \r\n\tAuthentication Package:\tNegotiate\r\n\tTransited Services:\t-\r\n\tPackage Name (NTLM only):\t-\r\n\tKey Length:\t\t0\r\n\r\nThis event is generated when a logon request fails. It is generated on the computer where access was attempted.\r\n\r\nThe Subject fields indicate the account on the local system which requested the logon. This is most commonly a service such as the Server service, or a local process such as Winlogon.exe or Services.exe.\r\n\r\nThe Logon Type field indicates the kind of logon that was requested. The most common types are 2 (interactive) and 3 (network).\r\n\r\nThe Process Information fields indicate which account and process on the system requested the logon.\r\n\r\nThe Network Information fields indicate where a remote logon request originated. Workstation name is not always available and may be left blank in some cases.\r\n\r\nThe authentication information fields provide detailed information about this specific logon request.\r\n\t- Transited services indicate which intermediate services have participated in this logon request.\r\n\t- Package name indicates which sub-protocol was used among the NTLM protocols.\r\n\t- Key length indicates the length of the generated session key. This will be 0 if no session key was requested.","category":"Logon","dest":"DESKTOP-78CU07R","dest_nt_domain":"DESKTOP-78CU07R","dest_nt_host":"DESKTOP-78CU07R","dvc":"DESKTOP-78CU07R","dvc_nt_host":"DESKTOP-78CU07R","event_id":"14269","event_time":"11/22/2025 12:29:14.371 PM","eventtype":["endpoint_services_processes","windows_event_signature","windows_logon_failure","windows_security_authentication","windows_ta_data","wineventlog_security","wineventlog_windows","winsec"],"host":"DESKTOP-78CU07R","id":"14269","index":"mydfir-project","linecount":"61","member_dn":"DESKTOP-78CU07R$\nchalitha","member_id":"S-1-5-18\nS-1-0-0","name":"User logon with misspelled or bad password","process_id":"0x984","product":"Windows","punct":"//_::._====-=___.===_===_____.\\r\\r:\\rt_:tt---\\rt_:tt-$","reason":"The cause is either a bad username or authentication information. User logon with misspelled or bad password.","reason_id":"0xC000006D","session_id":"0x3E7","severity":"informational","severity_id":"0","signature":"User logon with misspelled or bad password","signature_id":"4625","source":"WinEventLog:Security","sourcetype":"WinEventLog","splunk_server":"chalitha-splunk","src":"DESKTOP-78CU07R","src_ip":"127.0.0.1","src_nt_domain":"WORKGROUP","src_nt_host":"DESKTOP-78CU07R","src_port":"0","src_subject_security_id":"S-1-5-18","src_user":"DESKTOP-78CU07R$","status":"failure","subject":"User logon with misspelled or bad password","ta_windows_action":"failure","ta_windows_status":"0xC000006D","tag":["authentication","local","os","security","track_event_signatures","windows"],"tag::app":"local","tag::eventtype":["authentication","os","security","track_event_signatures","windows"],"user":"chalitha","vendor":"Microsoft","vendor_product":"Microsoft Windows"}}
{"preview":false,"result":{"Account_Domain":["WORKGROUP","DESKTOP-78CU07R"],"Account_Name":["DESKTOP-78CU07R$","chalitha"],"Authentication_Package":"Negotiate","Caller_Process_ID":"0x984","Caller_Process_Name":"C:\\Windows\\System32\\svchost.exe","ComputerName":"DESKTOP-78CU07R","Error_Code":"0xC000006D","EventCode":"4625","EventType":"0","Failure_Reason":"Unknown user name or bad password.","Key_Length":"0","Keywords":"Audit Failure","LogName":"Security","Logon_ID":"0x3E7","Logon_Process":"User32","Logon_Type":"2","Message":"An account failed to log on.\r\n\r\nSubject:\r\n\tSecurity ID:\t\tS-1-5-18\r\n\tAccount Name:\t\tDESKTOP-78CU07R$\r\n\tAccount Domain:\t\tWORKGROUP\r\n\tLogon ID:\t\t0x3E7\r\n\r\nLogon Type:\t\t\t2\r\n\r\nAccount For Which Logon Failed:\r\n\tSecurity ID:\t\tS-1-0-0\r\n\tAccount Name:\t\tchalitha\r\n\tAccount Domain:\t\tDESKTOP-78CU07R\r\n\r\nFailure Information:\r\n\tFailure Reason:\t\tUnknown user name or bad password.\r\n\tStatus:\t\t\t0xC000006D\r\n\tSub Status:\t\t0xC000006A\r\n\r\nProcess Information:\r\n\tCaller Process ID:\t0x984\r\n\tCaller Process Name:\tC:\\Windows\\System32\\svchost.exe\r\n\r\nNetwork Information:\r\n\tWorkstation Name:\tDESKTOP-78CU07R\r\n\tSource Network Address:\t127.0.0.1\r\n\tSource Port:\t\t0\r\n\r\nDetailed Authentication Information:\r\n\tLogon Process:\t\tUser32 \r\n\tAuthentication Package:\tNegotiate\r\n\tTransited Services:\t-\r\n\tPackage Name (NTLM only):\t-\r\n\tKey Length:\t\t0\r\n\r\nThis event is generated when a logon request fails. It is generated on the computer where access was attempted.\r\n\r\nThe Subject fields indicate the account on the local system which requested the logon. This is most commonly a service such as the Server service, or a local process such as Winlogon.exe or Services.exe.\r\n\r\nThe Logon Type field indicates the kind of logon that was requested. The most common types are 2 (interactive) and 3 (network).\r\n\r\nThe Process Information fields indicate which account and process on the system requested the logon.\r\n\r\nThe Network Information fields indicate where a remote logon request originated. Workstation name is not always available and may be left blank in some cases.\r\n\r\nThe authentication information fields provide detailed information about this specific logon request.\r\n\t- Transited services indicate which intermediate services have participated in this logon request.\r\n\t- Package name indicates which sub-protocol was used among the NTLM protocols.\r\n\t- Key length indicates the length of the generated session key. This will be 0 if no session key was requested.","OpCode":"Info","Package_Name__NTLM_only_":"-","RecordNumber":"14268","Security_ID":["S-1-5-18","S-1-0-0"],"SourceName":"Microsoft Windows security auditing.","Source_Network_Address":"127.0.0.1","Source_Port":"0","Status":"0xC000006D","Sub_Status":"0xC000006A","Subject_Account_Domain":"WORKGROUP","Subject_Account_Name":"DESKTOP-78CU07R$","Subject_Logon_ID":"0x3E7","Subject_Security_ID":"S-1-5-18","TaskCategory":"Logon","Transited_Services":"-","Type":"Information","Workstation_Name":"DESKTOP-78CU07R","_raw":"11/22/2025 12:29:11.890 PM\nLogName=Security\nEventCode=4625\nEventType=0\nComputerName=DESKTOP-78CU07R\nSourceName=Microsoft Windows security auditing.\nType=Information\nRecordNumber=14268\nKeywords=Audit Failure\nTaskCategory=Logon\nOpCode=Info\nMessage=An account failed to log on.\r\n\r\nSubject:\r\n\tSecurity ID:\t\tS-1-5-18\r\n\tAccount Name:\t\tDESKTOP-78CU07R$\r\n\tAccount Domain:\t\tWORKGROUP\r\n\tLogon ID:\t\t0x3E7\r\n\r\nLogon Type:\t\t\t2\r\n\r\nAccount For Which Logon Failed:\r\n\tSecurity ID:\t\tS-1-0-0\r\n\tAccount Name:\t\tchalitha\r\n\tAccount Domain:\t\tDESKTOP-78CU07R\r\n\r\nFailure Information:\r\n\tFailure Reason:\t\tUnknown user name or bad password.\r\n\tStatus:\t\t\t0xC000006D\r\n\tSub Status:\t\t0xC000006A\r\n\r\nProcess Information:\r\n\tCaller Process ID:\t0x984\r\n\tCaller Process Name:\tC:\\Windows\\System32\\svchost.exe\r\n\r\nNetwork Information:\r\n\tWorkstation Name:\tDESKTOP-78CU07R\r\n\tSource Network Address:\t127.0.0.1\r\n\tSource Port:\t\t0\r\n\r\nDetailed Authentication Information:\r\n\tLogon Process:\t\tUser32 \r\n\tAuthentication Package:\tNegotiate\r\n\tTransited Services:\t-\r\n\tPackage Name (NTLM only):\t-\r\n\tKey Length:\t\t0\r\n\r\nThis event is generated when a logon request fails. It is generated on the computer where access was attempted.\r\n\r\nThe Subject fields indicate the account on the local system which requested the logon. This is most commonly a service such as the Server service, or a local process such as Winlogon.exe or Services.exe.\r\n\r\nThe Logon Type field indicates the kind of logon that was requested. The most common types are 2 (interactive) and 3 (network).\r\n\r\nThe Process Information fields indicate which account and process on the system requested the logon.\r\n\r\nThe Network Information fields indicate where a remote logon request originated. Workstation name is not always available and may be left blank in some cases.\r\n\r\nThe authentication information fields provide detailed information about this specific logon request.\r\n\t- Transited services indicate which intermediate services have participated in this logon request.\r\n\t- Package name indicates which sub-protocol was used among the NTLM protocols.\r\n\t- Key length indicates the length of the generated session key. This will be 0 if no session key was requested.","_time":"2025-11-22T18:29:11.890+0000","action":"failure","app":"win:local","authentication_method":"2","authentication_service":"Negotiate","body":"An account failed to log on.\r\n\r\nSubject:\r\n\tSecurity ID:\t\tS-1-5-18\r\n\tAccount Name:\t\tDESKTOP-78CU07R$\r\n\tAccount Domain:\t\tWORKGROUP\r\n\tLogon ID:\t\t0x3E7\r\n\r\nLogon Type:\t\t\t2\r\n\r\nAccount For Which Logon Failed:\r\n\tSecurity ID:\t\tS-1-0-0\r\n\tAccount Name:\t\tchalitha\r\n\tAccount Domain:\t\tDESKTOP-78CU07R\r\n\r\nFailure Information:\r\n\tFailure Reason:\t\tUnknown user name or bad password.\r\n\tStatus:\t\t\t0xC000006D\r\n\tSub Status:\t\t0xC000006A\r\n\r\nProcess Information:\r\n\tCaller Process ID:\t0x984\r\n\tCaller Process Name:\tC:\\Windows\\System32\\svchost.exe\r\n\r\nNetwork Information:\r\n\tWorkstation Name:\tDESKTOP-78CU07R\r\n\tSource Network Address:\t127.0.0.1\r\n\tSource Port:\t\t0\r\n\r\nDetailed Authentication Information:\r\n\tLogon Process:\t\tUser32 \r\n\tAuthentication Package:\tNegotiate\r\n\tTransited Services:\t-\r\n\tPackage Name (NTLM only):\t-\r\n\tKey Length:\t\t0\r\n\r\nThis event is generated when a logon request fails. It is generated on the computer where access was attempted.\r\n\r\nThe Subject fields indicate the account on the local system which requested the logon. This is most commonly a service such as the Server service, or a local process such as Winlogon.exe or Services.exe.\r\n\r\nThe Logon Type field indicates the kind of logon that was requested. The most common types are 2 (interactive) and 3 (network).\r\n\r\nThe Process Information fields indicate which account and process on the system requested the logon.\r\n\r\nThe Network Information fields indicate where a remote logon request originated. Workstation name is not always available and may be left blank in some cases.\r\n\r\nThe authentication information fields provide detailed information about this specific logon request.\r\n\t- Transited services indicate which intermediate services have participated in this logon request.\r\n\t- Package name indicates which sub-protocol was used among the NTLM protocols.\r\n\t- Key length indicates the length of the generated session key. This will be 0 if no session key was requested.","category":"Logon","dest":"DESKTOP-78CU07R","dest_nt_domain":"DESKTOP-78CU07R","dest_nt_host":"DESKTOP-78CU07R","dvc":"DESKTOP-78CU07R","dvc_nt_host":"DESKTOP-78CU07R","event_id":"14268","event_time":"11/22/2025 12:29:11.890 PM","eventtype":["endpoint_services_processes","windows_event_signature","windows_logon_failure","windows_security_authentication","windows_ta_data","wineventlog_security","wineventlog_windows","winsec"],"host":"DESKTOP-78CU07R","id":"14268","index":"mydfir-project","linecount":"61","member_dn":"DESKTOP-78CU07R$\nchalitha","member_id":"S-1-5-18\nS-1-0-0","name":"User logon with misspelled or bad password","process_id":"0x984","product":"Windows","punct":"//_::._====-=___.===_===_____.\\r\\r:\\rt_:tt---\\rt_:tt-$","reason":"The cause is either a bad username or authentication information. User logon with misspelled or bad password.","reason_id":"0xC000006D","session_id":"0x3E7","severity":"informational","severity_id":"0","signature":"User logon with misspelled or bad password","signature_id":"4625","source":"WinEventLog:Security","sourcetype":"WinEventLog","splunk_server":"chalitha-splunk","src":"DESKTOP-78CU07R","src_ip":"127.0.0.1","src_nt_domain":"WORKGROUP","src_nt_host":"DESKTOP-78CU07R","src_port":"0","src_subject_security_id":"S-1-5-18","src_user":"DESKTOP-78CU07R$","status":"failure","subject":"User logon with misspelled or bad password","ta_windows_action":"failure","ta_windows_status":"0xC000006D","tag":["authentication","local","os","security","track_event_signatures","windows"],"tag::app":"local","tag::eventtype":["authentication","os","security","track_event_signatures","windows"],"user":"chalitha","vendor":"Microsoft","vendor_product":"Microsoft Windows"}}
{"preview":false,"result":{"Account_Domain":["WORKGROUP","DESKTOP-78CU07R"],"Account_Name":["DESKTOP-78CU07R$","chalitha"],"Authentication_Package":"Negotiate","Caller_Process_ID":"0x984","Caller_Process_Name":"C:\\Windows\\System32\\svchost.exe","ComputerName":"DESKTOP-78CU07R","Error_Code":"0xC000006D","EventCode":"4625","EventType":"0","Failure_Reason":"Unknown user name or bad password.","Key_Length":"0","Keywords":"Audit Failure","LogName":"Security","Logon_ID":"0x3E7","Logon_Process":"User32","Logon_Type":"2","Message":"An account failed to log on.\r\n\r\nSubject:\r\n\tSecurity ID:\t\tS-1-5-18\r\n\tAccount Name:\t\tDESKTOP-78CU07R$\r\n\tAccount Domain:\t\tWORKGROUP\r\n\tLogon ID:\t\t0x3E7\r\n\r\nLogon Type:\t\t\t2\r\n\r\nAccount For Which Logon Failed:\r\n\tSecurity ID:\t\tS-1-0-0\r\n\tAccount Name:\t\tchalitha\r\n\tAccount Domain:\t\tDESKTOP-78CU07R\r\n\r\nFailure Information:\r\n\tFailure Reason:\t\tUnknown user name or bad password.\r\n\tStatus:\t\t\t0xC000006D\r\n\tSub Status:\t\t0xC000006A\r\n\r\nProcess Information:\r\n\tCaller Process ID:\t0x984\r\n\tCaller Process Name:\tC:\\Windows\\System32\\svchost.exe\r\n\r\nNetwork Information:\r\n\tWorkstation Name:\tDESKTOP-78CU07R\r\n\tSource Network Address:\t127.0.0.1\r\n\tSource Port:\t\t0\r\n\r\nDetailed Authentication Information:\r\n\tLogon Process:\t\tUser32 \r\n\tAuthentication Package:\tNegotiate\r\n\tTransited Services:\t-\r\n\tPackage Name (NTLM only):\t-\r\n\tKey Length:\t\t0\r\n\r\nThis event is generated when a logon request fails. It is generated on the computer where access was attempted.\r\n\r\nThe Subject fields indicate the account on the local system which requested the logon. This is most commonly a service such as the Server service, or a local process such as Winlogon.exe or Services.exe.\r\n\r\nThe Logon Type field indicates the kind of logon that was requested. The most common types are 2 (interactive) and 3 (network).\r\n\r\nThe Process Information fields indicate which account and process on the system requested the logon.\r\n\r\nThe Network Information fields indicate where a remote logon request originated. Workstation name is not always available and may be left blank in some cases.\r\n\r\nThe authentication information fields provide detailed information about this specific logon request.\r\n\t- Transited services indicate which intermediate services have participated in this logon request.\r\n\t- Package name indicates which sub-protocol was used among the NTLM protocols.\r\n\t- Key length indicates the length of the generated session key. This will be 0 if no session key was requested.","OpCode":"Info","Package_Name__NTLM_only_":"-","RecordNumber":"14267","Security_ID":["S-1-5-18","S-1-0-0"],"SourceName":"Microsoft Windows security auditing.","Source_Network_Address":"127.0.0.1","Source_Port":"0","Status":"0xC000006D","Sub_Status":"0xC000006A","Subject_Account_Domain":"WORKGROUP","Subject_Account_Name":"DESKTOP-78CU07R$","Subject_Logon_ID":"0x3E7","Subject_Security_ID":"S-1-5-18","TaskCategory":"Logon","Transited_Services":"-","Type":"Information","Workstation_Name":"DESKTOP-78CU07R","_raw":"11/22/2025 12:29:09.115 PM\nLogName=Security\nEventCode=4625\nEventType=0\nComputerName=DESKTOP-78CU07R\nSourceName=Microsoft Windows security auditing.\nType=Information\nRecordNumber=14267\nKeywords=Audit Failure\nTaskCategory=Logon\nOpCode=Info\nMessage=An account failed to log on.\r\n\r\nSubject:\r\n\tSecurity ID:\t\tS-1-5-18\r\n\tAccount Name:\t\tDESKTOP-78CU07R$\r\n\tAccount Domain:\t\tWORKGROUP\r\n\tLogon ID:\t\t0x3E7\r\n\r\nLogon Type:\t\t\t2\r\n\r\nAccount For Which Logon Failed:\r\n\tSecurity ID:\t\tS-1-0-0\r\n\tAccount Name:\t\tchalitha\r\n\tAccount Domain:\t\tDESKTOP-78CU07R\r\n\r\nFailure Information:\r\n\tFailure Reason:\t\tUnknown user name or bad password.\r\n\tStatus:\t\t\t0xC000006D\r\n\tSub Status:\t\t0xC000006A\r\n\r\nProcess Information:\r\n\tCaller Process ID:\t0x984\r\n\tCaller Process Name:\tC:\\Windows\\System32\\svchost.exe\r\n\r\nNetwork Information:\r\n\tWorkstation Name:\tDESKTOP-78CU07R\r\n\tSource Network Address:\t127.0.0.1\r\n\tSource Port:\t\t0\r\n\r\nDetailed Authentication Information:\r\n\tLogon Process:\t\tUser32 \r\n\tAuthentication Package:\tNegotiate\r\n\tTransited Services:\t-\r\n\tPackage Name (NTLM only):\t-\r\n\tKey Length:\t\t0\r\n\r\nThis event is generated when a logon request fails. It is generated on the computer where access was attempted.\r\n\r\nThe Subject fields indicate the account on the local system which requested the logon. This is most commonly a service such as the Server service, or a local process such as Winlogon.exe or Services.exe.\r\n\r\nThe Logon Type field indicates the kind of logon that was requested. The most common types are 2 (interactive) and 3 (network).\r\n\r\nThe Process Information fields indicate which account and process on the system requested the logon.\r\n\r\nThe Network Information fields indicate where a remote logon request originated. Workstation name is not always available and may be left blank in some cases.\r\n\r\nThe authentication information fields provide detailed information about this specific logon request.\r\n\t- Transited services indicate which intermediate services have participated in this logon request.\r\n\t- Package name indicates which sub-protocol was used among the NTLM protocols.\r\n\t- Key length indicates the length of the generated session key. This will be 0 if no session key was requested.","_time":"2025-11-22T18:29:09.115+0000","action":"failure","app":"win:local","authentication_method":"2","authentication_service":"Negotiate","body":"An account failed to log on.\r\n\r\nSubject:\r\n\tSecurity ID:\t\tS-1-5-18\r\n\tAccount Name:\t\tDESKTOP-78CU07R$\r\n\tAccount Domain:\t\tWORKGROUP\r\n\tLogon ID:\t\t0x3E7\r\n\r\nLogon Type:\t\t\t2\r\n\r\nAccount For Which Logon Failed:\r\n\tSecurity ID:\t\tS-1-0-0\r\n\tAccount Name:\t\tchalitha\r\n\tAccount Domain:\t\tDESKTOP-78CU07R\r\n\r\nFailure Information:\r\n\tFailure Reason:\t\tUnknown user name or bad password.\r\n\tStatus:\t\t\t0xC000006D\r\n\tSub Status:\t\t0xC000006A\r\n\r\nProcess Information:\r\n\tCaller Process ID:\t0x984\r\n\tCaller Process Name:\tC:\\Windows\\System32\\svchost.exe\r\n\r\nNetwork Information:\r\n\tWorkstation Name:\tDESKTOP-78CU07R\r\n\tSource Network Address:\t127.0.0.1\r\n\tSource Port:\t\t0\r\n\r\nDetailed Authentication Information:\r\n\tLogon Process:\t\tUser32 \r\n\tAuthentication Package:\tNegotiate\r\n\tTransited Services:\t-\r\n\tPackage Name (NTLM only):\t-\r\n\tKey Length:\t\t0\r\n\r\nThis event is generated when a logon request fails. It is generated on the computer where access was attempted.\r\n\r\nThe Subject fields indicate the account on the local system which requested the logon. This is most commonly a service such as the Server service, or a local process such as Winlogon.exe or Services.exe.\r\n\r\nThe Logon Type field indicates the kind of logon that was requested. The most common types are 2 (interactive) and 3 (network).\r\n\r\nThe Process Information fields indicate which account and process on the system requested the logon.\r\n\r\nThe Network Information fields indicate where a remote logon request originated. Workstation name is not always available and may be left blank in some cases.\r\n\r\nThe authentication information fields provide detailed information about this specific logon request.\r\n\t- Transited services indicate which intermediate services have participated in this logon request.\r\n\t- Package name indicates which sub-protocol was used among the NTLM protocols.\r\n\t- Key length indicates the length of the generated session key. This will be 0 if no session key was requested.","category":"Logon","dest":"DESKTOP-78CU07R","dest_nt_domain":"DESKTOP-78CU07R","dest_nt_host":"DESKTOP-78CU07R","dvc":"DESKTOP-78CU07R","dvc_nt_host":"DESKTOP-78CU07R","event_id":"14267","event_time":"11/22/2025 12:29:09.115 PM","eventtype":["endpoint_services_processes","windows_event_signature","windows_logon_failure","windows_security_authentication","windows_ta_data","wineventlog_security","wineventlog_windows","winsec"],"host":"DESKTOP-78CU07R","id":"14267","index":"mydfir-project","linecount":"61","member_dn":"DESKTOP-78CU07R$\nchalitha","member_id":"S-1-5-18\nS-1-0-0","name":"User logon with misspelled or bad password","process_id":"0x984","product":"Windows","punct":"//_::._====-=___.===_===_____.\\r\\r:\\rt_:tt---\\rt_:tt-$","reason":"The cause is either a bad username or authentication information. User logon with misspelled or bad password.","reason_id":"0xC000006D","session_id":"0x3E7","severity":"informational","severity_id":"0","signature":"User logon with misspelled or bad password","signature_id":"4625","source":"WinEventLog:Security","sourcetype":"WinEventLog","splunk_server":"chalitha-splunk","src":"DESKTOP-78CU07R","src_ip":"127.0.0.1","src_nt_domain":"WORKGROUP","src_nt_host":"DESKTOP-78CU07R","src_port":"0","src_subject_security_id":"S-1-5-18","src_user":"DESKTOP-78CU07R$","status":"failure","subject":"User logon with misspelled or bad password","ta_windows_action":"failure","ta_windows_status":"0xC000006D","tag":["authentication","local","os","security","track_event_signatures","windows"],"tag::app":"local","tag::eventtype":["authentication","os","security","track_event_signatures","windows"],"user":"chalitha","vendor":"Microsoft","vendor_product":"Microsoft Windows"}}
{"preview":false,"result":{"Account_Domain":["WORKGROUP","DESKTOP-78CU07R"],"Account_Name":["DESKTOP-78CU07R$","chalitha"],"Authentication_Package":"Negotiate","Caller_Process_ID":"0x984","Caller_Process_Name":"C:\\Windows\\System32\\svchost.exe","ComputerName":"DESKTOP-78CU07R","Error_Code":"0xC000006D","EventCode":"4625","EventType":"0","Failure_Reason":"Unknown user name or bad password.","Key_Length":"0","Keywords":"Audit Failure","LogName":"Security","Logon_ID":"0x3E7","Logon_Process":"User32","Logon_Type":"2","Message":"An account failed to log on.\r\n\r\nSubject:\r\n\tSecurity ID:\t\tS-1-5-18\r\n\tAccount Name:\t\tDESKTOP-78CU07R$\r\n\tAccount Domain:\t\tWORKGROUP\r\n\tLogon ID:\t\t0x3E7\r\n\r\nLogon Type:\t\t\t2\r\n\r\nAccount For Which Logon Failed:\r\n\tSecurity ID:\t\tS-1-0-0\r\n\tAccount Name:\t\tchalitha\r\n\tAccount Domain:\t\tDESKTOP-78CU07R\r\n\r\nFailure Information:\r\n\tFailure Reason:\t\tUnknown user name or bad password.\r\n\tStatus:\t\t\t0xC000006D\r\n\tSub Status:\t\t0xC000006A\r\n\r\nProcess Information:\r\n\tCaller Process ID:\t0x984\r\n\tCaller Process Name:\tC:\\Windows\\System32\\svchost.exe\r\n\r\nNetwork Information:\r\n\tWorkstation Name:\tDESKTOP-78CU07R\r\n\tSource Network Address:\t127.0.0.1\r\n\tSource Port:\t\t0\r\n\r\nDetailed Authentication Information:\r\n\tLogon Process:\t\tUser32 \r\n\tAuthentication Package:\tNegotiate\r\n\tTransited Services:\t-\r\n\tPackage Name (NTLM only):\t-\r\n\tKey Length:\t\t0\r\n\r\nThis event is generated when a logon request fails. It is generated on the computer where access was attempted.\r\n\r\nThe Subject fields indicate the account on the local system which requested the logon. This is most commonly a service such as the Server service, or a local process such as Winlogon.exe or Services.exe.\r\n\r\nThe Logon Type field indicates the kind of logon that was requested. The most common types are 2 (interactive) and 3 (network).\r\n\r\nThe Process Information fields indicate which account and process on the system requested the logon.\r\n\r\nThe Network Information fields indicate where a remote logon request originated. Workstation name is not always available and may be left blank in some cases.\r\n\r\nThe authentication information fields provide detailed information about this specific logon request.\r\n\t- Transited services indicate which intermediate services have participated in this logon request.\r\n\t- Package name indicates which sub-protocol was used among the NTLM protocols.\r\n\t- Key length indicates the length of the generated session key. This will be 0 if no session key was requested.","OpCode":"Info","Package_Name__NTLM_only_":"-","RecordNumber":"14266","Security_ID":["S-1-5-18","S-1-0-0"],"SourceName":"Microsoft Windows security auditing.","Source_Network_Address":"127.0.0.1","Source_Port":"0","Status":"0xC000006D","Sub_Status":"0xC000006A","Subject_Account_Domain":"WORKGROUP","Subject_Account_Name":"DESKTOP-78CU07R$","Subject_Logon_ID":"0x3E7","Subject_Security_ID":"S-1-5-18","TaskCategory":"Logon","Transited_Services":"-","Type":"Information","Workstation_Name":"DESKTOP-78CU07R","_raw":"11/22/2025 12:29:06.714 PM\nLogName=Security\nEventCode=4625\nEventType=0\nComputerName=DESKTOP-78CU07R\nSourceName=Microsoft Windows security auditing.\nType=Information\nRecordNumber=14266\nKeywords=Audit Failure\nTaskCategory=Logon\nOpCode=Info\nMessage=An account failed to log on.\r\n\r\nSubject:\r\n\tSecurity ID:\t\tS-1-5-18\r\n\tAccount Name:\t\tDESKTOP-78CU07R$\r\n\tAccount Domain:\t\tWORKGROUP\r\n\tLogon ID:\t\t0x3E7\r\n\r\nLogon Type:\t\t\t2\r\n\r\nAccount For Which Logon Failed:\r\n\tSecurity ID:\t\tS-1-0-0\r\n\tAccount Name:\t\tchalitha\r\n\tAccount Domain:\t\tDESKTOP-78CU07R\r\n\r\nFailure Information:\r\n\tFailure Reason:\t\tUnknown user name or bad password.\r\n\tStatus:\t\t\t0xC000006D\r\n\tSub Status:\t\t0xC000006A\r\n\r\nProcess Information:\r\n\tCaller Process ID:\t0x984\r\n\tCaller Process Name:\tC:\\Windows\\System32\\svchost.exe\r\n\r\nNetwork Information:\r\n\tWorkstation Name:\tDESKTOP-78CU07R\r\n\tSource Network Address:\t127.0.0.1\r\n\tSource Port:\t\t0\r\n\r\nDetailed Authentication Information:\r\n\tLogon Process:\t\tUser32 \r\n\tAuthentication Package:\tNegotiate\r\n\tTransited Services:\t-\r\n\tPackage Name (NTLM only):\t-\r\n\tKey Length:\t\t0\r\n\r\nThis event is generated when a logon request fails. It is generated on the computer where access was attempted.\r\n\r\nThe Subject fields indicate the account on the local system which requested the logon. This is most commonly a service such as the Server service, or a local process such as Winlogon.exe or Services.exe.\r\n\r\nThe Logon Type field indicates the kind of logon that was requested. The most common types are 2 (interactive) and 3 (network).\r\n\r\nThe Process Information fields indicate which account and process on the system requested the logon.\r\n\r\nThe Network Information fields indicate where a remote logon request originated. Workstation name is not always available and may be left blank in some cases.\r\n\r\nThe authentication information fields provide detailed information about this specific logon request.\r\n\t- Transited services indicate which intermediate services have participated in this logon request.\r\n\t- Package name indicates which sub-protocol was used among the NTLM protocols.\r\n\t- Key length indicates the length of the generated session key. This will be 0 if no session key was requested.","_time":"2025-11-22T18:29:06.714+0000","action":"failure","app":"win:local","authentication_method":"2","authentication_service":"Negotiate","body":"An account failed to log on.\r\n\r\nSubject:\r\n\tSecurity ID:\t\tS-1-5-18\r\n\tAccount Name:\t\tDESKTOP-78CU07R$\r\n\tAccount Domain:\t\tWORKGROUP\r\n\tLogon ID:\t\t0x3E7\r\n\r\nLogon Type:\t\t\t2\r\n\r\nAccount For Which Logon Failed:\r\n\tSecurity ID:\t\tS-1-0-0\r\n\tAccount Name:\t\tchalitha\r\n\tAccount Domain:\t\tDESKTOP-78CU07R\r\n\r\nFailure Information:\r\n\tFailure Reason:\t\tUnknown user name or bad password.\r\n\tStatus:\t\t\t0xC000006D\r\n\tSub Status:\t\t0xC000006A\r\n\r\nProcess Information:\r\n\tCaller Process ID:\t0x984\r\n\tCaller Process Name:\tC:\\Windows\\System32\\svchost.exe\r\n\r\nNetwork Information:\r\n\tWorkstation Name:\tDESKTOP-78CU07R\r\n\tSource Network Address:\t127.0.0.1\r\n\tSource Port:\t\t0\r\n\r\nDetailed Authentication Information:\r\n\tLogon Process:\t\tUser32 \r\n\tAuthentication Package:\tNegotiate\r\n\tTransited Services:\t-\r\n\tPackage Name (NTLM only):\t-\r\n\tKey Length:\t\t0\r\n\r\nThis event is generated when a logon request fails. It is generated on the computer where access was attempted.\r\n\r\nThe Subject fields indicate the account on the local system which requested the logon. This is most commonly a service such as the Server service, or a local process such as Winlogon.exe or Services.exe.\r\n\r\nThe Logon Type field indicates the kind of logon that was requested. The most common types are 2 (interactive) and 3 (network).\r\n\r\nThe Process Information fields indicate which account and process on the system requested the logon.\r\n\r\nThe Network Information fields indicate where a remote logon request originated. Workstation name is not always available and may be left blank in some cases.\r\n\r\nThe authentication information fields provide detailed information about this specific logon request.\r\n\t- Transited services indicate which intermediate services have participated in this logon request.\r\n\t- Package name indicates which sub-protocol was used among the NTLM protocols.\r\n\t- Key length indicates the length of the generated session key. This will be 0 if no session key was requested.","category":"Logon","dest":"DESKTOP-78CU07R","dest_nt_domain":"DESKTOP-78CU07R","dest_nt_host":"DESKTOP-78CU07R","dvc":"DESKTOP-78CU07R","dvc_nt_host":"DESKTOP-78CU07R","event_id":"14266","event_time":"11/22/2025 12:29:06.714 PM","eventtype":["endpoint_services_processes","windows_event_signature","windows_logon_failure","windows_security_authentication","windows_ta_data","wineventlog_security","wineventlog_windows","winsec"],"host":"DESKTOP-78CU07R","id":"14266","index":"mydfir-project","linecount":"61","member_dn":"DESKTOP-78CU07R$\nchalitha","member_id":"S-1-5-18\nS-1-0-0","name":"User logon with misspelled or bad password","process_id":"0x984","product":"Windows","punct":"//_::._====-=___.===_===_____.\\r\\r:\\rt_:tt---\\rt_:tt-$","reason":"The cause is either a bad username or authentication information. User logon with misspelled or bad password.","reason_id":"0xC000006D","session_id":"0x3E7","severity":"informational","severity_id":"0","signature":"User logon with misspelled or bad password","signature_id":"4625","source":"WinEventLog:Security","sourcetype":"WinEventLog","splunk_server":"chalitha-splunk","src":"DESKTOP-78CU07R","src_ip":"127.0.0.1","src_nt_domain":"WORKGROUP","src_nt_host":"DESKTOP-78CU07R","src_port":"0","src_subject_security_id":"S-1-5-18","src_user":"DESKTOP-78CU07R$","status":"failure","subject":"User logon with misspelled or bad password","ta_windows_action":"failure","ta_windows_status":"0xC000006D","tag":["authentication","local","os","security","track_event_signatures","windows"],"tag::app":"local","tag::eventtype":["authentication","os","security","track_event_signatures","windows"],"user":"chalitha","vendor":"Microsoft","vendor_product":"Microsoft Windows"}}
